This file contains any messages produced by compilers while
running configure, to aid debugging if configure makes a mistake.

It was created by configure, which was
generated by GNU Autoconf 2.69.  Invocation command line was

  $ ./configure 

## --------- ##
## Platform. ##
## --------- ##

hostname = system3-HP-ProBook-640-G2
uname -m = x86_64
uname -r = 5.3.0-26-generic
uname -s = Linux
uname -v = #28~18.04.1-Ubuntu SMP Wed Dec 18 16:40:14 UTC 2019

/usr/bin/uname -p = unknown
/bin/uname -X     = unknown

/bin/arch              = unknown
/usr/bin/arch -k       = unknown
/usr/convex/getsysinfo = unknown
/usr/bin/hostinfo      = unknown
/bin/machine           = unknown
/usr/bin/oslevel       = unknown
/bin/universe          = unknown

PATH: /usr/local/sbin
PATH: /usr/local/bin
PATH: /usr/sbin
PATH: /usr/bin
PATH: /sbin
PATH: /bin
PATH: /usr/games
PATH: /usr/local/games
PATH: /snap/bin
PATH: /usr/local/go/bin
PATH: /home/system3/go/bin
PATH: /usr/local/go/bin
PATH: /home/system3/go/bin
PATH: /usr/local/go/bin
PATH: /home/system3/go/bin
PATH: /usr/local/go/bin
PATH: /home/system3/go/bin


## ----------- ##
## Core tests. ##
## ----------- ##

configure:2534: checking for grep that handles long lines and -e
configure:2592: result: /bin/grep
configure:2597: checking for egrep
configure:2659: result: /bin/grep -E
configure:2664: checking for a sed that does not truncate output
configure:2728: result: /bin/sed
configure:2867: checking for cc
configure:2883: found /usr/bin/cc
configure:2894: result: cc
configure:2925: checking for C compiler version
configure:2934: cc --version >&5
cc (Ubuntu 7.4.0-1ubuntu1~18.04.1) 7.4.0
Copyright (C) 2017 Free Software Foundation, Inc.
This is free software; see the source for copying conditions.  There is NO
warranty; not even for MERCHANTABILITY or FITNESS FOR A PARTICULAR PURPOSE.

configure:2945: $? = 0
configure:2934: cc -v >&5
Using built-in specs.
COLLECT_GCC=cc
COLLECT_LTO_WRAPPER=/usr/lib/gcc/x86_64-linux-gnu/7/lto-wrapper
OFFLOAD_TARGET_NAMES=nvptx-none
OFFLOAD_TARGET_DEFAULT=1
Target: x86_64-linux-gnu
Configured with: ../src/configure -v --with-pkgversion='Ubuntu 7.4.0-1ubuntu1~18.04.1' --with-bugurl=file:///usr/share/doc/gcc-7/README.Bugs --enable-languages=c,ada,c++,go,brig,d,fortran,objc,obj-c++ --prefix=/usr --with-gcc-major-version-only --program-suffix=-7 --program-prefix=x86_64-linux-gnu- --enable-shared --enable-linker-build-id --libexecdir=/usr/lib --without-included-gettext --enable-threads=posix --libdir=/usr/lib --enable-nls --with-sysroot=/ --enable-clocale=gnu --enable-libstdcxx-debug --enable-libstdcxx-time=yes --with-default-libstdcxx-abi=new --enable-gnu-unique-object --disable-vtable-verify --enable-libmpx --enable-plugin --enable-default-pie --with-system-zlib --with-target-system-zlib --enable-objc-gc=auto --enable-multiarch --disable-werror --with-arch-32=i686 --with-abi=m64 --with-multilib-list=m32,m64,mx32 --enable-multilib --with-tune=generic --enable-offload-targets=nvptx-none --without-cuda-driver --enable-checking=release --build=x86_64-linux-gnu --host=x86_64-linux-gnu --target=x86_64-linux-gnu
Thread model: posix
gcc version 7.4.0 (Ubuntu 7.4.0-1ubuntu1~18.04.1) 
configure:2945: $? = 0
configure:2934: cc -V >&5
cc: error: unrecognized command line option '-V'
cc: fatal error: no input files
compilation terminated.
configure:2945: $? = 1
configure:2934: cc -qversion >&5
cc: error: unrecognized command line option '-qversion'; did you mean '--version'?
cc: fatal error: no input files
compilation terminated.
configure:2945: $? = 1
configure:2965: checking whether the C compiler works
configure:2987: cc    conftest.c  >&5
configure:2991: $? = 0
configure:3039: result: yes
configure:3042: checking for C compiler default output file name
configure:3044: result: a.out
configure:3050: checking for suffix of executables
configure:3057: cc -o conftest    conftest.c  >&5
configure:3061: $? = 0
configure:3083: result: 
configure:3105: checking whether we are cross compiling
configure:3113: cc -o conftest    conftest.c  >&5
configure:3117: $? = 0
configure:3124: ./conftest
configure:3128: $? = 0
configure:3143: result: no
configure:3148: checking for suffix of object files
configure:3170: cc -c   conftest.c >&5
configure:3174: $? = 0
configure:3195: result: o
configure:3199: checking whether we are using the GNU C compiler
configure:3218: cc -c   conftest.c >&5
configure:3218: $? = 0
configure:3227: result: yes
configure:3236: checking whether cc accepts -g
configure:3256: cc -c -g  conftest.c >&5
configure:3256: $? = 0
configure:3297: result: yes
configure:3314: checking for cc option to accept ISO C89
configure:3377: cc  -c -g -O2  conftest.c >&5
configure:3377: $? = 0
configure:3390: result: none needed
configure:3416: checking how to run the C preprocessor
configure:3447: cc -E  conftest.c
configure:3447: $? = 0
configure:3461: cc -E  conftest.c
conftest.c:9:10: fatal error: ac_nonexistent.h: No such file or directory
 #include <ac_nonexistent.h>
          ^~~~~~~~~~~~~~~~~~
compilation terminated.
configure:3461: $? = 1
configure: failed program was:
| /* confdefs.h */
| #define PACKAGE_NAME ""
| #define PACKAGE_TARNAME ""
| #define PACKAGE_VERSION ""
| #define PACKAGE_STRING ""
| #define PACKAGE_BUGREPORT ""
| #define PACKAGE_URL ""
| /* end confdefs.h.  */
| #include <ac_nonexistent.h>
configure:3486: result: cc -E
configure:3506: cc -E  conftest.c
configure:3506: $? = 0
configure:3520: cc -E  conftest.c
conftest.c:9:10: fatal error: ac_nonexistent.h: No such file or directory
 #include <ac_nonexistent.h>
          ^~~~~~~~~~~~~~~~~~
compilation terminated.
configure:3520: $? = 1
configure: failed program was:
| /* confdefs.h */
| #define PACKAGE_NAME ""
| #define PACKAGE_TARNAME ""
| #define PACKAGE_VERSION ""
| #define PACKAGE_STRING ""
| #define PACKAGE_BUGREPORT ""
| #define PACKAGE_URL ""
| /* end confdefs.h.  */
| #include <ac_nonexistent.h>
configure:3551: checking for icc
configure:3560: result: no
configure:3574: checking for suncc
configure:3583: result: no
configure:3601: checking whether cc understands -c and -o together
configure:3629: cc -c conftest.c -o conftest2.o >&5
configure:3633: $? = 0
configure:3639: cc -c conftest.c -o conftest2.o >&5
configure:3643: $? = 0
configure:3698: result: yes
configure:3712: checking for system library directory
configure:3727: result: lib
configure:3734: checking if compiler supports -R
configure:3753: cc -o conftest -g -O2   conftest.c -R /usr/lib  >&5
cc: error: unrecognized command line option '-R'
configure:3753: $? = 1
configure: failed program was:
| /* confdefs.h */
| #define PACKAGE_NAME ""
| #define PACKAGE_TARNAME ""
| #define PACKAGE_VERSION ""
| #define PACKAGE_STRING ""
| #define PACKAGE_BUGREPORT ""
| #define PACKAGE_URL ""
| /* end confdefs.h.  */
| 
| int
| main ()
| {
| 
|   ;
|   return 0;
| }
configure:3763: result: no
configure:3768: checking if compiler supports -Wl,-rpath,
configure:3787: cc -o conftest -g -O2   conftest.c -Wl,-rpath,/usr/lib  >&5
configure:3787: $? = 0
configure:3797: result: yes
configure:3842: checking build system type
configure:3856: result: x86_64-pc-linux-gnu
configure:3876: checking host system type
configure:3889: result: x86_64-pc-linux-gnu
configure:3909: checking target system type
configure:3922: result: x86_64-pc-linux-gnu
configure:4025: checking for PHP prefix
configure:4027: result: /usr
configure:4029: checking for PHP includes
configure:4031: result: -I/usr/include/php/20170718 -I/usr/include/php/20170718/main -I/usr/include/php/20170718/TSRM -I/usr/include/php/20170718/Zend -I/usr/include/php/20170718/ext -I/usr/include/php/20170718/ext/date/lib
configure:4033: checking for PHP extension directory
configure:4035: result: /usr/lib/php/20170718
configure:4037: checking for PHP installed headers prefix
configure:4039: result: /usr/include/php/20170718
configure:4042: checking if debug is enabled
configure:4068: result: no
configure:4071: checking if zts is enabled
configure:4097: result: no
configure:4168: checking for re2c
configure:4198: result: no
configure:4223: WARNING: You will need re2c 0.13.4 or later if you want to regenerate PHP parsers.
configure:4237: checking for gawk
configure:4268: result: no
configure:4237: checking for nawk
configure:4254: found /usr/bin/nawk
configure:4265: result: nawk
configure:4288: checking if nawk is broken
configure:4295: result: no
configure:4308: checking whether to enable MongoDB support
configure:4347: result: yes, shared
configure:4354: checking PHP version
configure:4368: result: 7.2.24-0ubuntu0.18.04.2
configure:4377: checking whether to enable developer build flags
configure:4391: result: no
configure:5331: checking whether to enable code coverage
configure:5345: result: no
configure:5436: checking whether to use system libbson
configure:5451: result: no
configure:5459: checking whether to use system libmongoc
configure:5474: result: no
configure:6283: checking for gcc
configure:6310: result: cc
configure:6539: checking for C compiler version
configure:6548: cc --version >&5
cc (Ubuntu 7.4.0-1ubuntu1~18.04.1) 7.4.0
Copyright (C) 2017 Free Software Foundation, Inc.
This is free software; see the source for copying conditions.  There is NO
warranty; not even for MERCHANTABILITY or FITNESS FOR A PARTICULAR PURPOSE.

configure:6559: $? = 0
configure:6548: cc -v >&5
Using built-in specs.
COLLECT_GCC=cc
COLLECT_LTO_WRAPPER=/usr/lib/gcc/x86_64-linux-gnu/7/lto-wrapper
OFFLOAD_TARGET_NAMES=nvptx-none
OFFLOAD_TARGET_DEFAULT=1
Target: x86_64-linux-gnu
Configured with: ../src/configure -v --with-pkgversion='Ubuntu 7.4.0-1ubuntu1~18.04.1' --with-bugurl=file:///usr/share/doc/gcc-7/README.Bugs --enable-languages=c,ada,c++,go,brig,d,fortran,objc,obj-c++ --prefix=/usr --with-gcc-major-version-only --program-suffix=-7 --program-prefix=x86_64-linux-gnu- --enable-shared --enable-linker-build-id --libexecdir=/usr/lib --without-included-gettext --enable-threads=posix --libdir=/usr/lib --enable-nls --with-sysroot=/ --enable-clocale=gnu --enable-libstdcxx-debug --enable-libstdcxx-time=yes --with-default-libstdcxx-abi=new --enable-gnu-unique-object --disable-vtable-verify --enable-libmpx --enable-plugin --enable-default-pie --with-system-zlib --with-target-system-zlib --enable-objc-gc=auto --enable-multiarch --disable-werror --with-arch-32=i686 --with-abi=m64 --with-multilib-list=m32,m64,mx32 --enable-multilib --with-tune=generic --enable-offload-targets=nvptx-none --without-cuda-driver --enable-checking=release --build=x86_64-linux-gnu --host=x86_64-linux-gnu --target=x86_64-linux-gnu
Thread model: posix
gcc version 7.4.0 (Ubuntu 7.4.0-1ubuntu1~18.04.1) 
configure:6559: $? = 0
configure:6548: cc -V >&5
cc: error: unrecognized command line option '-V'
cc: fatal error: no input files
compilation terminated.
configure:6559: $? = 1
configure:6548: cc -qversion >&5
cc: error: unrecognized command line option '-qversion'; did you mean '--version'?
cc: fatal error: no input files
compilation terminated.
configure:6559: $? = 1
configure:6563: checking whether we are using the GNU C compiler
configure:6591: result: yes
configure:6600: checking whether cc accepts -g
configure:6661: result: yes
configure:6678: checking for cc option to accept ISO C89
configure:6754: result: none needed
configure:6832: checking for g++
configure:6848: found /usr/bin/g++
configure:6859: result: g++
configure:6886: checking for C++ compiler version
configure:6895: g++ --version >&5
g++ (Ubuntu 7.4.0-1ubuntu1~18.04.1) 7.4.0
Copyright (C) 2017 Free Software Foundation, Inc.
This is free software; see the source for copying conditions.  There is NO
warranty; not even for MERCHANTABILITY or FITNESS FOR A PARTICULAR PURPOSE.

configure:6906: $? = 0
configure:6895: g++ -v >&5
Using built-in specs.
COLLECT_GCC=g++
COLLECT_LTO_WRAPPER=/usr/lib/gcc/x86_64-linux-gnu/7/lto-wrapper
OFFLOAD_TARGET_NAMES=nvptx-none
OFFLOAD_TARGET_DEFAULT=1
Target: x86_64-linux-gnu
Configured with: ../src/configure -v --with-pkgversion='Ubuntu 7.4.0-1ubuntu1~18.04.1' --with-bugurl=file:///usr/share/doc/gcc-7/README.Bugs --enable-languages=c,ada,c++,go,brig,d,fortran,objc,obj-c++ --prefix=/usr --with-gcc-major-version-only --program-suffix=-7 --program-prefix=x86_64-linux-gnu- --enable-shared --enable-linker-build-id --libexecdir=/usr/lib --without-included-gettext --enable-threads=posix --libdir=/usr/lib --enable-nls --with-sysroot=/ --enable-clocale=gnu --enable-libstdcxx-debug --enable-libstdcxx-time=yes --with-default-libstdcxx-abi=new --enable-gnu-unique-object --disable-vtable-verify --enable-libmpx --enable-plugin --enable-default-pie --with-system-zlib --with-target-system-zlib --enable-objc-gc=auto --enable-multiarch --disable-werror --with-arch-32=i686 --with-abi=m64 --with-multilib-list=m32,m64,mx32 --enable-multilib --with-tune=generic --enable-offload-targets=nvptx-none --without-cuda-driver --enable-checking=release --build=x86_64-linux-gnu --host=x86_64-linux-gnu --target=x86_64-linux-gnu
Thread model: posix
gcc version 7.4.0 (Ubuntu 7.4.0-1ubuntu1~18.04.1) 
configure:6906: $? = 0
configure:6895: g++ -V >&5
g++: error: unrecognized command line option '-V'
g++: fatal error: no input files
compilation terminated.
configure:6906: $? = 1
configure:6895: g++ -qversion >&5
g++: error: unrecognized command line option '-qversion'; did you mean '--version'?
g++: fatal error: no input files
compilation terminated.
configure:6906: $? = 1
configure:6910: checking whether we are using the GNU C++ compiler
configure:6929: g++ -c   conftest.cpp >&5
configure:6929: $? = 0
configure:6938: result: yes
configure:6947: checking whether g++ accepts -g
configure:6967: g++ -c -g  conftest.cpp >&5
configure:6967: $? = 0
configure:7008: result: yes
configure:7063: cc -c -g -O2  conftest.c >&5
configure:7063: $? = 0
configure:7091: cc -c -g -O2  conftest.c >&5
configure:7091: $? = 0
configure:7118: cc -c -g -O2  conftest.c >&5
configure:7118: $? = 0
configure:7137: cc -c -g -O2  conftest.c >&5
conftest.c:11:2: error: #error Not a supported Sun compiler
 #error Not a supported Sun compiler
  ^~~~~
configure:7137: $? = 1
configure: failed program was:
| /* confdefs.h */
| #define PACKAGE_NAME ""
| #define PACKAGE_TARNAME ""
| #define PACKAGE_VERSION ""
| #define PACKAGE_STRING ""
| #define PACKAGE_BUGREPORT ""
| #define PACKAGE_URL ""
| /* end confdefs.h.  */
| 
| #if !(defined(__SUNPRO_C))
| #error Not a supported Sun compiler
| #endif
| 
| int
| main ()
| {
| 
|   ;
|   return 0;
| }
configure:7163: checking accept ARG2 => struct sockaddr ARG3 => socklen_t 
configure:7183: cc -c -g -O2  -Werror conftest.c >&5
configure:7183: $? = 0
configure:7186: result: ok
configure:7589: cc -c -g -O2  conftest.c >&5
configure:7589: $? = 0
configure:7597: checking for an ANSI C-conforming const
configure:7663: cc -c -g -O2  conftest.c >&5
configure:7663: $? = 0
configure:7670: result: yes
configure:7678: checking for inline
configure:7694: cc -c -g -O2  conftest.c >&5
configure:7694: $? = 0
configure:7702: result: inline
configure:7721: checking for typeof syntax and keyword spelling
configure:7752: cc -c -g -O2  conftest.c >&5
configure:7752: $? = 0
configure:7759: result: typeof
configure:7844: checking for __sync_add_and_fetch_4
configure:7857: cc -o conftest -g -O2   conftest.c  >&5
configure:7857: $? = 0
configure:7858: result: yes
configure:7876: checking for __sync_add_and_fetch_8
configure:7889: cc -o conftest -g -O2   conftest.c  >&5
configure:7889: $? = 0
configure:7890: result: yes
configure:7917: checking for ANSI C header files
configure:7937: cc -c -g -O2  conftest.c >&5
configure:7937: $? = 0
configure:8010: cc -o conftest -g -O2   conftest.c  >&5
configure:8010: $? = 0
configure:8010: ./conftest
configure:8010: $? = 0
configure:8021: result: yes
configure:8034: checking for sys/types.h
configure:8034: cc -c -g -O2  conftest.c >&5
configure:8034: $? = 0
configure:8034: result: yes
configure:8034: checking for sys/stat.h
configure:8034: cc -c -g -O2  conftest.c >&5
configure:8034: $? = 0
configure:8034: result: yes
configure:8034: checking for stdlib.h
configure:8034: cc -c -g -O2  conftest.c >&5
configure:8034: $? = 0
configure:8034: result: yes
configure:8034: checking for string.h
configure:8034: cc -c -g -O2  conftest.c >&5
configure:8034: $? = 0
configure:8034: result: yes
configure:8034: checking for memory.h
configure:8034: cc -c -g -O2  conftest.c >&5
configure:8034: $? = 0
configure:8034: result: yes
configure:8034: checking for strings.h
configure:8034: cc -c -g -O2  conftest.c >&5
configure:8034: $? = 0
configure:8034: result: yes
configure:8034: checking for inttypes.h
configure:8034: cc -c -g -O2  conftest.c >&5
configure:8034: $? = 0
configure:8034: result: yes
configure:8034: checking for stdint.h
configure:8034: cc -c -g -O2  conftest.c >&5
configure:8034: $? = 0
configure:8034: result: yes
configure:8034: checking for unistd.h
configure:8034: cc -c -g -O2  conftest.c >&5
configure:8034: $? = 0
configure:8034: result: yes
configure:8046: checking for stdbool.h that conforms to C99
configure:8113: cc -c -g -O2  conftest.c >&5
configure:8113: $? = 0
configure:8120: result: yes
configure:8122: checking for _Bool
configure:8122: cc -c -g -O2  conftest.c >&5
configure:8122: $? = 0
configure:8122: cc -c -g -O2  conftest.c >&5
conftest.c: In function 'main':
conftest.c:58:20: error: expected expression before ')' token
 if (sizeof ((_Bool)))
                    ^
configure:8122: $? = 1
configure: failed program was:
| /* confdefs.h */
| #define PACKAGE_NAME ""
| #define PACKAGE_TARNAME ""
| #define PACKAGE_VERSION ""
| #define PACKAGE_STRING ""
| #define PACKAGE_BUGREPORT ""
| #define PACKAGE_URL ""
| #define ACCEPT_ARG2 struct sockaddr
| #define ACCEPT_ARG3 socklen_t
| #define HAVE_TYPEOF 1
| #define STDC_HEADERS 1
| #define HAVE_SYS_TYPES_H 1
| #define HAVE_SYS_STAT_H 1
| #define HAVE_STDLIB_H 1
| #define HAVE_STRING_H 1
| #define HAVE_MEMORY_H 1
| #define HAVE_STRINGS_H 1
| #define HAVE_INTTYPES_H 1
| #define HAVE_STDINT_H 1
| #define HAVE_UNISTD_H 1
| /* end confdefs.h.  */
| #include <stdio.h>
| #ifdef HAVE_SYS_TYPES_H
| # include <sys/types.h>
| #endif
| #ifdef HAVE_SYS_STAT_H
| # include <sys/stat.h>
| #endif
| #ifdef STDC_HEADERS
| # include <stdlib.h>
| # include <stddef.h>
| #else
| # ifdef HAVE_STDLIB_H
| #  include <stdlib.h>
| # endif
| #endif
| #ifdef HAVE_STRING_H
| # if !defined STDC_HEADERS && defined HAVE_MEMORY_H
| #  include <memory.h>
| # endif
| # include <string.h>
| #endif
| #ifdef HAVE_STRINGS_H
| # include <strings.h>
| #endif
| #ifdef HAVE_INTTYPES_H
| # include <inttypes.h>
| #endif
| #ifdef HAVE_STDINT_H
| # include <stdint.h>
| #endif
| #ifdef HAVE_UNISTD_H
| # include <unistd.h>
| #endif
| int
| main ()
| {
| if (sizeof ((_Bool)))
| 	    return 0;
|   ;
|   return 0;
| }
configure:8122: result: yes
configure:8146: checking for strings.h
configure:8146: result: yes
configure:8160: checking whether byte ordering is bigendian
configure:8175: cc -c -g -O2  conftest.c >&5
conftest.c:25:9: error: unknown type name 'not'
         not a universal capable compiler
         ^~~
conftest.c:25:15: error: expected '=', ',', ';', 'asm' or '__attribute__' before 'universal'
         not a universal capable compiler
               ^~~~~~~~~
conftest.c:25:15: error: unknown type name 'universal'
configure:8175: $? = 1
configure: failed program was:
| /* confdefs.h */
| #define PACKAGE_NAME ""
| #define PACKAGE_TARNAME ""
| #define PACKAGE_VERSION ""
| #define PACKAGE_STRING ""
| #define PACKAGE_BUGREPORT ""
| #define PACKAGE_URL ""
| #define ACCEPT_ARG2 struct sockaddr
| #define ACCEPT_ARG3 socklen_t
| #define HAVE_TYPEOF 1
| #define STDC_HEADERS 1
| #define HAVE_SYS_TYPES_H 1
| #define HAVE_SYS_STAT_H 1
| #define HAVE_STDLIB_H 1
| #define HAVE_STRING_H 1
| #define HAVE_MEMORY_H 1
| #define HAVE_STRINGS_H 1
| #define HAVE_INTTYPES_H 1
| #define HAVE_STDINT_H 1
| #define HAVE_UNISTD_H 1
| #define HAVE__BOOL 1
| #define HAVE_STDBOOL_H 1
| /* end confdefs.h.  */
| #ifndef __APPLE_CC__
| 	       not a universal capable compiler
| 	     #endif
| 	     typedef int dummy;
| 
configure:8220: cc -c -g -O2  conftest.c >&5
configure:8220: $? = 0
configure:8238: cc -c -g -O2  conftest.c >&5
conftest.c: In function 'main':
conftest.c:31:4: error: unknown type name 'not'; did you mean 'ino_t'?
    not big endian
    ^~~
    ino_t
conftest.c:31:12: error: expected '=', ',', ';', 'asm' or '__attribute__' before 'endian'
    not big endian
            ^~~~~~
configure:8238: $? = 1
configure: failed program was:
| /* confdefs.h */
| #define PACKAGE_NAME ""
| #define PACKAGE_TARNAME ""
| #define PACKAGE_VERSION ""
| #define PACKAGE_STRING ""
| #define PACKAGE_BUGREPORT ""
| #define PACKAGE_URL ""
| #define ACCEPT_ARG2 struct sockaddr
| #define ACCEPT_ARG3 socklen_t
| #define HAVE_TYPEOF 1
| #define STDC_HEADERS 1
| #define HAVE_SYS_TYPES_H 1
| #define HAVE_SYS_STAT_H 1
| #define HAVE_STDLIB_H 1
| #define HAVE_STRING_H 1
| #define HAVE_MEMORY_H 1
| #define HAVE_STRINGS_H 1
| #define HAVE_INTTYPES_H 1
| #define HAVE_STDINT_H 1
| #define HAVE_UNISTD_H 1
| #define HAVE__BOOL 1
| #define HAVE_STDBOOL_H 1
| /* end confdefs.h.  */
| #include <sys/types.h>
| 		#include <sys/param.h>
| 
| int
| main ()
| {
| #if BYTE_ORDER != BIG_ENDIAN
| 		 not big endian
| 		#endif
| 
|   ;
|   return 0;
| }
configure:8366: result: no
configure:8397: checking for strnlen
configure:8416: cc -c -g -O2  conftest.c >&5
conftest.c:26:5: error: conflicting types for 'strnlen'
 int strnlen () { return 0; }
     ^~~~~~~
In file included from conftest.c:25:0:
/usr/include/string.h:390:15: note: previous declaration of 'strnlen' was here
 extern size_t strnlen (const char *__string, size_t __maxlen)
               ^~~~~~~
configure:8416: $? = 1
configure: failed program was:
| /* confdefs.h */
| #define PACKAGE_NAME ""
| #define PACKAGE_TARNAME ""
| #define PACKAGE_VERSION ""
| #define PACKAGE_STRING ""
| #define PACKAGE_BUGREPORT ""
| #define PACKAGE_URL ""
| #define ACCEPT_ARG2 struct sockaddr
| #define ACCEPT_ARG3 socklen_t
| #define HAVE_TYPEOF 1
| #define STDC_HEADERS 1
| #define HAVE_SYS_TYPES_H 1
| #define HAVE_SYS_STAT_H 1
| #define HAVE_STDLIB_H 1
| #define HAVE_STRING_H 1
| #define HAVE_MEMORY_H 1
| #define HAVE_STRINGS_H 1
| #define HAVE_INTTYPES_H 1
| #define HAVE_STDINT_H 1
| #define HAVE_UNISTD_H 1
| #define HAVE__BOOL 1
| #define HAVE_STDBOOL_H 1
| /* end confdefs.h.  */
| 
| #include <string.h>
| int strnlen () { return 0; }
| 
| int
| main ()
| {
| 
|   ;
|   return 0;
| }
configure:8423: result: yes
configure:8433: checking for reallocf
configure:8452: cc -c -g -O2  conftest.c >&5
configure:8452: $? = 0
configure:8459: result: no
configure:8469: checking for syscall
configure:8489: cc -c -g -O2  conftest.c >&5
conftest.c:27:5: error: conflicting types for 'syscall'
 int syscall () { return 0; }
     ^~~~~~~
In file included from conftest.c:25:0:
/usr/include/unistd.h:1059:17: note: previous declaration of 'syscall' was here
 extern long int syscall (long int __sysno, ...) __THROW;
                 ^~~~~~~
configure:8489: $? = 1
configure: failed program was:
| /* confdefs.h */
| #define PACKAGE_NAME ""
| #define PACKAGE_TARNAME ""
| #define PACKAGE_VERSION ""
| #define PACKAGE_STRING ""
| #define PACKAGE_BUGREPORT ""
| #define PACKAGE_URL ""
| #define ACCEPT_ARG2 struct sockaddr
| #define ACCEPT_ARG3 socklen_t
| #define HAVE_TYPEOF 1
| #define STDC_HEADERS 1
| #define HAVE_SYS_TYPES_H 1
| #define HAVE_SYS_STAT_H 1
| #define HAVE_STDLIB_H 1
| #define HAVE_STRING_H 1
| #define HAVE_MEMORY_H 1
| #define HAVE_STRINGS_H 1
| #define HAVE_INTTYPES_H 1
| #define HAVE_STDINT_H 1
| #define HAVE_UNISTD_H 1
| #define HAVE__BOOL 1
| #define HAVE_STDBOOL_H 1
| /* end confdefs.h.  */
| 
| #include <unistd.h>
| #include <sys/syscall.h>
| int syscall () { return 0; }
| 
| int
| main ()
| {
| 
|   ;
|   return 0;
| }
configure:8496: result: yes
configure:8499: checking for SYS_gettid
configure:8519: cc -c -g -O2  conftest.c >&5
configure:8519: $? = 0
configure:8526: result: yes
configure:8537: checking for snprintf
configure:8537: cc -o conftest -g -O2   conftest.c  >&5
conftest.c:47:6: warning: conflicting types for built-in function 'snprintf' [-Wbuiltin-declaration-mismatch]
 char snprintf ();
      ^~~~~~~~
configure:8537: $? = 0
configure:8537: result: yes
configure:8547: checking for struct timespec
configure:8547: cc -c -g -O2  conftest.c >&5
configure:8547: $? = 0
configure:8547: cc -c -g -O2  conftest.c >&5
conftest.c: In function 'main':
conftest.c:29:30: error: expected expression before ')' token
 if (sizeof ((struct timespec)))
                              ^
configure:8547: $? = 1
configure: failed program was:
| /* confdefs.h */
| #define PACKAGE_NAME ""
| #define PACKAGE_TARNAME ""
| #define PACKAGE_VERSION ""
| #define PACKAGE_STRING ""
| #define PACKAGE_BUGREPORT ""
| #define PACKAGE_URL ""
| #define ACCEPT_ARG2 struct sockaddr
| #define ACCEPT_ARG3 socklen_t
| #define HAVE_TYPEOF 1
| #define STDC_HEADERS 1
| #define HAVE_SYS_TYPES_H 1
| #define HAVE_SYS_STAT_H 1
| #define HAVE_STDLIB_H 1
| #define HAVE_STRING_H 1
| #define HAVE_MEMORY_H 1
| #define HAVE_STRINGS_H 1
| #define HAVE_INTTYPES_H 1
| #define HAVE_STDINT_H 1
| #define HAVE_UNISTD_H 1
| #define HAVE__BOOL 1
| #define HAVE_STDBOOL_H 1
| /* end confdefs.h.  */
| #include <time.h>
| 
| int
| main ()
| {
| if (sizeof ((struct timespec)))
| 	    return 0;
|   ;
|   return 0;
| }
configure:8547: result: yes
configure:8558: checking for library containing clock_gettime
configure:8589: cc -o conftest -g -O2   conftest.c  >&5
configure:8589: $? = 0
configure:8606: result: none required
configure:8616: checking for library containing floor
configure:8647: cc -o conftest -g -O2   conftest.c  >&5
conftest.c:31:6: warning: conflicting types for built-in function 'floor' [-Wbuiltin-declaration-mismatch]
 char floor ();
      ^~~~~
/tmp/ccIdBoZl.o: In function `main':
/home/system3/Documents/Larvel/mongodb-1.6.1/conftest.c:35: undefined reference to `floor'
collect2: error: ld returned 1 exit status
configure:8647: $? = 1
configure: failed program was:
| /* confdefs.h */
| #define PACKAGE_NAME ""
| #define PACKAGE_TARNAME ""
| #define PACKAGE_VERSION ""
| #define PACKAGE_STRING ""
| #define PACKAGE_BUGREPORT ""
| #define PACKAGE_URL ""
| #define ACCEPT_ARG2 struct sockaddr
| #define ACCEPT_ARG3 socklen_t
| #define HAVE_TYPEOF 1
| #define STDC_HEADERS 1
| #define HAVE_SYS_TYPES_H 1
| #define HAVE_SYS_STAT_H 1
| #define HAVE_STDLIB_H 1
| #define HAVE_STRING_H 1
| #define HAVE_MEMORY_H 1
| #define HAVE_STRINGS_H 1
| #define HAVE_INTTYPES_H 1
| #define HAVE_STDINT_H 1
| #define HAVE_UNISTD_H 1
| #define HAVE__BOOL 1
| #define HAVE_STDBOOL_H 1
| /* end confdefs.h.  */
| 
| /* Override any GCC internal prototype to avoid an error.
|    Use char because int might match the return type of a GCC
|    builtin and then its argument prototype would still apply.  */
| #ifdef __cplusplus
| extern "C"
| #endif
| char floor ();
| int
| main ()
| {
| return floor ();
|   ;
|   return 0;
| }
configure:8647: cc -o conftest -g -O2   conftest.c -lm   >&5
conftest.c:31:6: warning: conflicting types for built-in function 'floor' [-Wbuiltin-declaration-mismatch]
 char floor ();
      ^~~~~
configure:8647: $? = 0
configure:8664: result: -lm
configure:8676: checking for gmtime_r
configure:8676: cc -o conftest -g -O2   conftest.c -lm  >&5
configure:8676: $? = 0
configure:8676: result: yes
configure:8686: checking for rand_r
configure:8686: cc -o conftest -g -O2   conftest.c -lm  >&5
configure:8686: $? = 0
configure:8686: result: yes
configure:8810: checking if compiler needs -Werror to reject unknown flags
configure:8826: cc -c -g -O2 -Werror -Wunknown-warning-option -Wsizeof-array-argument  conftest.c >&5
cc: error: unrecognized command line option '-Wunknown-warning-option'
configure:8826: $? = 1
configure: failed program was:
| /* confdefs.h */
| #define PACKAGE_NAME ""
| #define PACKAGE_TARNAME ""
| #define PACKAGE_VERSION ""
| #define PACKAGE_STRING ""
| #define PACKAGE_BUGREPORT ""
| #define PACKAGE_URL ""
| #define ACCEPT_ARG2 struct sockaddr
| #define ACCEPT_ARG3 socklen_t
| #define HAVE_TYPEOF 1
| #define STDC_HEADERS 1
| #define HAVE_SYS_TYPES_H 1
| #define HAVE_SYS_STAT_H 1
| #define HAVE_STDLIB_H 1
| #define HAVE_STRING_H 1
| #define HAVE_MEMORY_H 1
| #define HAVE_STRINGS_H 1
| #define HAVE_INTTYPES_H 1
| #define HAVE_STDINT_H 1
| #define HAVE_UNISTD_H 1
| #define HAVE__BOOL 1
| #define HAVE_STDBOOL_H 1
| /* end confdefs.h.  */
| int foo(void);
| int
| main ()
| {
| foo()
|   ;
|   return 0;
| }
configure:8831: result: no
configure:8897: checking for the pthreads library -lpthreads
configure:8935: cc -o conftest -g -O2     conftest.c -lpthreads -lm  >&5
/usr/bin/ld: cannot find -lpthreads
collect2: error: ld returned 1 exit status
configure:8935: $? = 1
configure: failed program was:
| /* confdefs.h */
| #define PACKAGE_NAME ""
| #define PACKAGE_TARNAME ""
| #define PACKAGE_VERSION ""
| #define PACKAGE_STRING ""
| #define PACKAGE_BUGREPORT ""
| #define PACKAGE_URL ""
| #define ACCEPT_ARG2 struct sockaddr
| #define ACCEPT_ARG3 socklen_t
| #define HAVE_TYPEOF 1
| #define STDC_HEADERS 1
| #define HAVE_SYS_TYPES_H 1
| #define HAVE_SYS_STAT_H 1
| #define HAVE_STDLIB_H 1
| #define HAVE_STRING_H 1
| #define HAVE_MEMORY_H 1
| #define HAVE_STRINGS_H 1
| #define HAVE_INTTYPES_H 1
| #define HAVE_STDINT_H 1
| #define HAVE_UNISTD_H 1
| #define HAVE__BOOL 1
| #define HAVE_STDBOOL_H 1
| /* end confdefs.h.  */
| #include <pthread.h>
|                         static void routine(void *a) { a = 0; }
|                         static void *start_routine(void *a) { return a; }
| int
| main ()
| {
| pthread_t th; pthread_attr_t attr;
|                         pthread_create(&th, 0, start_routine, 0);
|                         pthread_join(th, 0);
|                         pthread_attr_init(&attr);
|                         pthread_cleanup_push(routine, 0);
|                         pthread_cleanup_pop(0) /* ; */
|   ;
|   return 0;
| }
configure:8944: result: no
configure:8842: checking whether pthreads work without any flags
configure:8935: cc -o conftest -g -O2     conftest.c  -lm  >&5
/tmp/ccRo0cfQ.o: In function `main':
/home/system3/Documents/Larvel/mongodb-1.6.1/conftest.c:31: undefined reference to `pthread_create'
/home/system3/Documents/Larvel/mongodb-1.6.1/conftest.c:32: undefined reference to `pthread_join'
/home/system3/Documents/Larvel/mongodb-1.6.1/conftest.c:34: undefined reference to `__pthread_register_cancel'
/home/system3/Documents/Larvel/mongodb-1.6.1/conftest.c:35: undefined reference to `__pthread_unregister_cancel'
collect2: error: ld returned 1 exit status
configure:8935: $? = 1
configure: failed program was:
| /* confdefs.h */
| #define PACKAGE_NAME ""
| #define PACKAGE_TARNAME ""
| #define PACKAGE_VERSION ""
| #define PACKAGE_STRING ""
| #define PACKAGE_BUGREPORT ""
| #define PACKAGE_URL ""
| #define ACCEPT_ARG2 struct sockaddr
| #define ACCEPT_ARG3 socklen_t
| #define HAVE_TYPEOF 1
| #define STDC_HEADERS 1
| #define HAVE_SYS_TYPES_H 1
| #define HAVE_SYS_STAT_H 1
| #define HAVE_STDLIB_H 1
| #define HAVE_STRING_H 1
| #define HAVE_MEMORY_H 1
| #define HAVE_STRINGS_H 1
| #define HAVE_INTTYPES_H 1
| #define HAVE_STDINT_H 1
| #define HAVE_UNISTD_H 1
| #define HAVE__BOOL 1
| #define HAVE_STDBOOL_H 1
| /* end confdefs.h.  */
| #include <pthread.h>
|                         static void routine(void *a) { a = 0; }
|                         static void *start_routine(void *a) { return a; }
| int
| main ()
| {
| pthread_t th; pthread_attr_t attr;
|                         pthread_create(&th, 0, start_routine, 0);
|                         pthread_join(th, 0);
|                         pthread_attr_init(&attr);
|                         pthread_cleanup_push(routine, 0);
|                         pthread_cleanup_pop(0) /* ; */
|   ;
|   return 0;
| }
configure:8944: result: no
configure:8847: checking whether pthreads work with -Kthread
configure:8935: cc -o conftest -g -O2 -Kthread    conftest.c  -lm  >&5
cc: error: unrecognized command line option '-Kthread'; did you mean '-pthread'?
configure:8935: $? = 1
configure: failed program was:
| /* confdefs.h */
| #define PACKAGE_NAME ""
| #define PACKAGE_TARNAME ""
| #define PACKAGE_VERSION ""
| #define PACKAGE_STRING ""
| #define PACKAGE_BUGREPORT ""
| #define PACKAGE_URL ""
| #define ACCEPT_ARG2 struct sockaddr
| #define ACCEPT_ARG3 socklen_t
| #define HAVE_TYPEOF 1
| #define STDC_HEADERS 1
| #define HAVE_SYS_TYPES_H 1
| #define HAVE_SYS_STAT_H 1
| #define HAVE_STDLIB_H 1
| #define HAVE_STRING_H 1
| #define HAVE_MEMORY_H 1
| #define HAVE_STRINGS_H 1
| #define HAVE_INTTYPES_H 1
| #define HAVE_STDINT_H 1
| #define HAVE_UNISTD_H 1
| #define HAVE__BOOL 1
| #define HAVE_STDBOOL_H 1
| /* end confdefs.h.  */
| #include <pthread.h>
|                         static void routine(void *a) { a = 0; }
|                         static void *start_routine(void *a) { return a; }
| int
| main ()
| {
| pthread_t th; pthread_attr_t attr;
|                         pthread_create(&th, 0, start_routine, 0);
|                         pthread_join(th, 0);
|                         pthread_attr_init(&attr);
|                         pthread_cleanup_push(routine, 0);
|                         pthread_cleanup_pop(0) /* ; */
|   ;
|   return 0;
| }
configure:8944: result: no
configure:8847: checking whether pthreads work with -kthread
configure:8935: cc -o conftest -g -O2 -kthread    conftest.c  -lm  >&5
cc: error: unrecognized command line option '-kthread'; did you mean '-pthread'?
configure:8935: $? = 1
configure: failed program was:
| /* confdefs.h */
| #define PACKAGE_NAME ""
| #define PACKAGE_TARNAME ""
| #define PACKAGE_VERSION ""
| #define PACKAGE_STRING ""
| #define PACKAGE_BUGREPORT ""
| #define PACKAGE_URL ""
| #define ACCEPT_ARG2 struct sockaddr
| #define ACCEPT_ARG3 socklen_t
| #define HAVE_TYPEOF 1
| #define STDC_HEADERS 1
| #define HAVE_SYS_TYPES_H 1
| #define HAVE_SYS_STAT_H 1
| #define HAVE_STDLIB_H 1
| #define HAVE_STRING_H 1
| #define HAVE_MEMORY_H 1
| #define HAVE_STRINGS_H 1
| #define HAVE_INTTYPES_H 1
| #define HAVE_STDINT_H 1
| #define HAVE_UNISTD_H 1
| #define HAVE__BOOL 1
| #define HAVE_STDBOOL_H 1
| /* end confdefs.h.  */
| #include <pthread.h>
|                         static void routine(void *a) { a = 0; }
|                         static void *start_routine(void *a) { return a; }
| int
| main ()
| {
| pthread_t th; pthread_attr_t attr;
|                         pthread_create(&th, 0, start_routine, 0);
|                         pthread_join(th, 0);
|                         pthread_attr_init(&attr);
|                         pthread_cleanup_push(routine, 0);
|                         pthread_cleanup_pop(0) /* ; */
|   ;
|   return 0;
| }
configure:8944: result: no
configure:8897: checking for the pthreads library -llthread
configure:8935: cc -o conftest -g -O2     conftest.c -llthread -lm  >&5
/usr/bin/ld: cannot find -llthread
collect2: error: ld returned 1 exit status
configure:8935: $? = 1
configure: failed program was:
| /* confdefs.h */
| #define PACKAGE_NAME ""
| #define PACKAGE_TARNAME ""
| #define PACKAGE_VERSION ""
| #define PACKAGE_STRING ""
| #define PACKAGE_BUGREPORT ""
| #define PACKAGE_URL ""
| #define ACCEPT_ARG2 struct sockaddr
| #define ACCEPT_ARG3 socklen_t
| #define HAVE_TYPEOF 1
| #define STDC_HEADERS 1
| #define HAVE_SYS_TYPES_H 1
| #define HAVE_SYS_STAT_H 1
| #define HAVE_STDLIB_H 1
| #define HAVE_STRING_H 1
| #define HAVE_MEMORY_H 1
| #define HAVE_STRINGS_H 1
| #define HAVE_INTTYPES_H 1
| #define HAVE_STDINT_H 1
| #define HAVE_UNISTD_H 1
| #define HAVE__BOOL 1
| #define HAVE_STDBOOL_H 1
| /* end confdefs.h.  */
| #include <pthread.h>
|                         static void routine(void *a) { a = 0; }
|                         static void *start_routine(void *a) { return a; }
| int
| main ()
| {
| pthread_t th; pthread_attr_t attr;
|                         pthread_create(&th, 0, start_routine, 0);
|                         pthread_join(th, 0);
|                         pthread_attr_init(&attr);
|                         pthread_cleanup_push(routine, 0);
|                         pthread_cleanup_pop(0) /* ; */
|   ;
|   return 0;
| }
configure:8944: result: no
configure:8847: checking whether pthreads work with -pthread
configure:8935: cc -o conftest -g -O2 -pthread    conftest.c  -lm  >&5
configure:8935: $? = 0
configure:8944: result: yes
configure:8963: checking for joinable pthread attribute
configure:8978: cc -o conftest -g -O2 -pthread   conftest.c  -lm  >&5
configure:8978: $? = 0
configure:8984: result: PTHREAD_CREATE_JOINABLE
configure:8994: checking if more special flags are required for pthreads
configure:9009: result: no
configure:9015: checking for PTHREAD_PRIO_INHERIT
configure:9032: cc -o conftest -g -O2 -pthread   conftest.c  -lm  >&5
configure:9032: $? = 0
configure:9041: result: yes
configure:9342: checking whether PTHREAD_ONCE_INIT needs braces
configure:9359: cc -c -g -O2  conftest.c >&5
configure:9359: $? = 0
configure:9366: result: no
configure:9452: checking for pkg-config
configure:9470: found /usr/bin/pkg-config
configure:9482: result: /usr/bin/pkg-config
configure:9507: checking pkg-config is at least version 0.9.0
configure:9510: result: yes
configure:9520: checking for PHP_MONGODB_SNAPPY
configure:9527: $PKG_CONFIG --exists --print-errors "snappy"
Package snappy was not found in the pkg-config search path.
Perhaps you should add the directory containing `snappy.pc'
to the PKG_CONFIG_PATH environment variable
No package 'snappy' found
configure:9530: $? = 1
configure:9544: $PKG_CONFIG --exists --print-errors "snappy"
Package snappy was not found in the pkg-config search path.
Perhaps you should add the directory containing `snappy.pc'
to the PKG_CONFIG_PATH environment variable
No package 'snappy' found
configure:9547: $? = 1
configure:9561: result: no
No package 'snappy' found
configure:9675: checking for snappy_uncompress in -lsnappy
configure:9700: cc -o conftest -g -O2   conftest.c -lsnappy  -lm  >&5
/usr/bin/ld: cannot find -lsnappy
collect2: error: ld returned 1 exit status
configure:9700: $? = 1
configure: failed program was:
| /* confdefs.h */
| #define PACKAGE_NAME ""
| #define PACKAGE_TARNAME ""
| #define PACKAGE_VERSION ""
| #define PACKAGE_STRING ""
| #define PACKAGE_BUGREPORT ""
| #define PACKAGE_URL ""
| #define ACCEPT_ARG2 struct sockaddr
| #define ACCEPT_ARG3 socklen_t
| #define HAVE_TYPEOF 1
| #define STDC_HEADERS 1
| #define HAVE_SYS_TYPES_H 1
| #define HAVE_SYS_STAT_H 1
| #define HAVE_STDLIB_H 1
| #define HAVE_STRING_H 1
| #define HAVE_MEMORY_H 1
| #define HAVE_STRINGS_H 1
| #define HAVE_INTTYPES_H 1
| #define HAVE_STDINT_H 1
| #define HAVE_UNISTD_H 1
| #define HAVE__BOOL 1
| #define HAVE_STDBOOL_H 1
| #define HAVE_PTHREAD_PRIO_INHERIT 1
| /* end confdefs.h.  */
| 
| /* Override any GCC internal prototype to avoid an error.
|    Use char because int might match the return type of a GCC
|    builtin and then its argument prototype would still apply.  */
| #ifdef __cplusplus
| extern "C"
| #endif
| char snappy_uncompress ();
| int
| main ()
| {
| return snappy_uncompress ();
|   ;
|   return 0;
| }
configure:9709: result: no
configure:9727: checking snappy-c.h usability
configure:9727: cc -c -g -O2  conftest.c >&5
conftest.c:58:10: fatal error: snappy-c.h: No such file or directory
 #include <snappy-c.h>
          ^~~~~~~~~~~~
compilation terminated.
configure:9727: $? = 1
configure: failed program was:
| /* confdefs.h */
| #define PACKAGE_NAME ""
| #define PACKAGE_TARNAME ""
| #define PACKAGE_VERSION ""
| #define PACKAGE_STRING ""
| #define PACKAGE_BUGREPORT ""
| #define PACKAGE_URL ""
| #define ACCEPT_ARG2 struct sockaddr
| #define ACCEPT_ARG3 socklen_t
| #define HAVE_TYPEOF 1
| #define STDC_HEADERS 1
| #define HAVE_SYS_TYPES_H 1
| #define HAVE_SYS_STAT_H 1
| #define HAVE_STDLIB_H 1
| #define HAVE_STRING_H 1
| #define HAVE_MEMORY_H 1
| #define HAVE_STRINGS_H 1
| #define HAVE_INTTYPES_H 1
| #define HAVE_STDINT_H 1
| #define HAVE_UNISTD_H 1
| #define HAVE__BOOL 1
| #define HAVE_STDBOOL_H 1
| #define HAVE_PTHREAD_PRIO_INHERIT 1
| /* end confdefs.h.  */
| #include <stdio.h>
| #ifdef HAVE_SYS_TYPES_H
| # include <sys/types.h>
| #endif
| #ifdef HAVE_SYS_STAT_H
| # include <sys/stat.h>
| #endif
| #ifdef STDC_HEADERS
| # include <stdlib.h>
| # include <stddef.h>
| #else
| # ifdef HAVE_STDLIB_H
| #  include <stdlib.h>
| # endif
| #endif
| #ifdef HAVE_STRING_H
| # if !defined STDC_HEADERS && defined HAVE_MEMORY_H
| #  include <memory.h>
| # endif
| # include <string.h>
| #endif
| #ifdef HAVE_STRINGS_H
| # include <strings.h>
| #endif
| #ifdef HAVE_INTTYPES_H
| # include <inttypes.h>
| #endif
| #ifdef HAVE_STDINT_H
| # include <stdint.h>
| #endif
| #ifdef HAVE_UNISTD_H
| # include <unistd.h>
| #endif
| #include <snappy-c.h>
configure:9727: result: no
configure:9727: checking snappy-c.h presence
configure:9727: cc -E  conftest.c
conftest.c:25:10: fatal error: snappy-c.h: No such file or directory
 #include <snappy-c.h>
          ^~~~~~~~~~~~
compilation terminated.
configure:9727: $? = 1
configure: failed program was:
| /* confdefs.h */
| #define PACKAGE_NAME ""
| #define PACKAGE_TARNAME ""
| #define PACKAGE_VERSION ""
| #define PACKAGE_STRING ""
| #define PACKAGE_BUGREPORT ""
| #define PACKAGE_URL ""
| #define ACCEPT_ARG2 struct sockaddr
| #define ACCEPT_ARG3 socklen_t
| #define HAVE_TYPEOF 1
| #define STDC_HEADERS 1
| #define HAVE_SYS_TYPES_H 1
| #define HAVE_SYS_STAT_H 1
| #define HAVE_STDLIB_H 1
| #define HAVE_STRING_H 1
| #define HAVE_MEMORY_H 1
| #define HAVE_STRINGS_H 1
| #define HAVE_INTTYPES_H 1
| #define HAVE_STDINT_H 1
| #define HAVE_UNISTD_H 1
| #define HAVE__BOOL 1
| #define HAVE_STDBOOL_H 1
| #define HAVE_PTHREAD_PRIO_INHERIT 1
| /* end confdefs.h.  */
| #include <snappy-c.h>
configure:9727: result: no
configure:9727: checking for snappy-c.h
configure:9727: result: no
configure:10056: checking for PHP_MONGODB_ZLIB
configure:10063: $PKG_CONFIG --exists --print-errors "zlib"
configure:10066: $? = 0
configure:10080: $PKG_CONFIG --exists --print-errors "zlib"
configure:10083: $? = 0
configure:10491: result: yes
configure:10636: checking for res_nsearch
configure:10660: cc -o conftest -g -O2   conftest.c -lm  -lresolv >&5
configure:10660: $? = 0
configure:10662: result: yes
configure:10670: checking for res_ndestroy
configure:10691: cc -o conftest -g -O2   conftest.c -lm  -lresolv >&5
conftest.c: In function 'main':
conftest.c:36:7: warning: implicit declaration of function 'res_ndestroy'; did you mean 'res_nsearch'? [-Wimplicit-function-declaration]
       res_ndestroy(statep);
       ^~~~~~~~~~~~
       res_nsearch
/tmp/ccuP0QdN.o: In function `main':
/home/system3/Documents/Larvel/mongodb-1.6.1/conftest.c:36: undefined reference to `res_ndestroy'
collect2: error: ld returned 1 exit status
configure:10691: $? = 1
configure: failed program was:
| /* confdefs.h */
| #define PACKAGE_NAME ""
| #define PACKAGE_TARNAME ""
| #define PACKAGE_VERSION ""
| #define PACKAGE_STRING ""
| #define PACKAGE_BUGREPORT ""
| #define PACKAGE_URL ""
| #define ACCEPT_ARG2 struct sockaddr
| #define ACCEPT_ARG3 socklen_t
| #define HAVE_TYPEOF 1
| #define STDC_HEADERS 1
| #define HAVE_SYS_TYPES_H 1
| #define HAVE_SYS_STAT_H 1
| #define HAVE_STDLIB_H 1
| #define HAVE_STRING_H 1
| #define HAVE_MEMORY_H 1
| #define HAVE_STRINGS_H 1
| #define HAVE_INTTYPES_H 1
| #define HAVE_STDINT_H 1
| #define HAVE_UNISTD_H 1
| #define HAVE__BOOL 1
| #define HAVE_STDBOOL_H 1
| #define HAVE_PTHREAD_PRIO_INHERIT 1
| /* end confdefs.h.  */
| 
|       #include <sys/types.h>
|       #include <netinet/in.h>
|       #include <arpa/nameser.h>
|       #include <resolv.h>
| 
| int
| main ()
| {
| 
|       res_state statep;
|       res_ndestroy(statep);
| 
|   ;
|   return 0;
| }
configure:10702: result: no
configure:10706: checking for res_nclose
configure:10727: cc -o conftest -g -O2   conftest.c -lm  -lresolv >&5
configure:10727: $? = 0
configure:10729: result: yes
configure:10841: checking whether to enable SASL for Kerberos authentication
configure:10856: result: auto
configure:10868: checking for PHP_MONGODB_SASL
configure:10875: $PKG_CONFIG --exists --print-errors "libsasl2"
Package libsasl2 was not found in the pkg-config search path.
Perhaps you should add the directory containing `libsasl2.pc'
to the PKG_CONFIG_PATH environment variable
No package 'libsasl2' found
configure:10878: $? = 1
configure:10892: $PKG_CONFIG --exists --print-errors "libsasl2"
Package libsasl2 was not found in the pkg-config search path.
Perhaps you should add the directory containing `libsasl2.pc'
to the PKG_CONFIG_PATH environment variable
No package 'libsasl2' found
configure:10895: $? = 1
configure:10909: result: no
No package 'libsasl2' found
configure:11023: checking for sasl_client_init in -lsasl2
configure:11048: cc -o conftest -g -O2   conftest.c -lsasl2  -lm  >&5
/usr/bin/ld: cannot find -lsasl2
collect2: error: ld returned 1 exit status
configure:11048: $? = 1
configure: failed program was:
| /* confdefs.h */
| #define PACKAGE_NAME ""
| #define PACKAGE_TARNAME ""
| #define PACKAGE_VERSION ""
| #define PACKAGE_STRING ""
| #define PACKAGE_BUGREPORT ""
| #define PACKAGE_URL ""
| #define ACCEPT_ARG2 struct sockaddr
| #define ACCEPT_ARG3 socklen_t
| #define HAVE_TYPEOF 1
| #define STDC_HEADERS 1
| #define HAVE_SYS_TYPES_H 1
| #define HAVE_SYS_STAT_H 1
| #define HAVE_STDLIB_H 1
| #define HAVE_STRING_H 1
| #define HAVE_MEMORY_H 1
| #define HAVE_STRINGS_H 1
| #define HAVE_INTTYPES_H 1
| #define HAVE_STDINT_H 1
| #define HAVE_UNISTD_H 1
| #define HAVE__BOOL 1
| #define HAVE_STDBOOL_H 1
| #define HAVE_PTHREAD_PRIO_INHERIT 1
| /* end confdefs.h.  */
| 
| /* Override any GCC internal prototype to avoid an error.
|    Use char because int might match the return type of a GCC
|    builtin and then its argument prototype would still apply.  */
| #ifdef __cplusplus
| extern "C"
| #endif
| char sasl_client_init ();
| int
| main ()
| {
| return sasl_client_init ();
|   ;
|   return 0;
| }
configure:11057: result: no
configure:11075: checking sasl/sasl.h usability
configure:11075: cc -c -g -O2  conftest.c >&5
conftest.c:58:10: fatal error: sasl/sasl.h: No such file or directory
 #include <sasl/sasl.h>
          ^~~~~~~~~~~~~
compilation terminated.
configure:11075: $? = 1
configure: failed program was:
| /* confdefs.h */
| #define PACKAGE_NAME ""
| #define PACKAGE_TARNAME ""
| #define PACKAGE_VERSION ""
| #define PACKAGE_STRING ""
| #define PACKAGE_BUGREPORT ""
| #define PACKAGE_URL ""
| #define ACCEPT_ARG2 struct sockaddr
| #define ACCEPT_ARG3 socklen_t
| #define HAVE_TYPEOF 1
| #define STDC_HEADERS 1
| #define HAVE_SYS_TYPES_H 1
| #define HAVE_SYS_STAT_H 1
| #define HAVE_STDLIB_H 1
| #define HAVE_STRING_H 1
| #define HAVE_MEMORY_H 1
| #define HAVE_STRINGS_H 1
| #define HAVE_INTTYPES_H 1
| #define HAVE_STDINT_H 1
| #define HAVE_UNISTD_H 1
| #define HAVE__BOOL 1
| #define HAVE_STDBOOL_H 1
| #define HAVE_PTHREAD_PRIO_INHERIT 1
| /* end confdefs.h.  */
| #include <stdio.h>
| #ifdef HAVE_SYS_TYPES_H
| # include <sys/types.h>
| #endif
| #ifdef HAVE_SYS_STAT_H
| # include <sys/stat.h>
| #endif
| #ifdef STDC_HEADERS
| # include <stdlib.h>
| # include <stddef.h>
| #else
| # ifdef HAVE_STDLIB_H
| #  include <stdlib.h>
| # endif
| #endif
| #ifdef HAVE_STRING_H
| # if !defined STDC_HEADERS && defined HAVE_MEMORY_H
| #  include <memory.h>
| # endif
| # include <string.h>
| #endif
| #ifdef HAVE_STRINGS_H
| # include <strings.h>
| #endif
| #ifdef HAVE_INTTYPES_H
| # include <inttypes.h>
| #endif
| #ifdef HAVE_STDINT_H
| # include <stdint.h>
| #endif
| #ifdef HAVE_UNISTD_H
| # include <unistd.h>
| #endif
| #include <sasl/sasl.h>
configure:11075: result: no
configure:11075: checking sasl/sasl.h presence
configure:11075: cc -E  conftest.c
conftest.c:25:10: fatal error: sasl/sasl.h: No such file or directory
 #include <sasl/sasl.h>
          ^~~~~~~~~~~~~
compilation terminated.
configure:11075: $? = 1
configure: failed program was:
| /* confdefs.h */
| #define PACKAGE_NAME ""
| #define PACKAGE_TARNAME ""
| #define PACKAGE_VERSION ""
| #define PACKAGE_STRING ""
| #define PACKAGE_BUGREPORT ""
| #define PACKAGE_URL ""
| #define ACCEPT_ARG2 struct sockaddr
| #define ACCEPT_ARG3 socklen_t
| #define HAVE_TYPEOF 1
| #define STDC_HEADERS 1
| #define HAVE_SYS_TYPES_H 1
| #define HAVE_SYS_STAT_H 1
| #define HAVE_STDLIB_H 1
| #define HAVE_STRING_H 1
| #define HAVE_MEMORY_H 1
| #define HAVE_STRINGS_H 1
| #define HAVE_INTTYPES_H 1
| #define HAVE_STDINT_H 1
| #define HAVE_UNISTD_H 1
| #define HAVE__BOOL 1
| #define HAVE_STDBOOL_H 1
| #define HAVE_PTHREAD_PRIO_INHERIT 1
| /* end confdefs.h.  */
| #include <sasl/sasl.h>
configure:11075: result: no
configure:11075: checking for sasl/sasl.h
configure:11075: result: no
configure:11573: checking which SASL library to use
configure:11575: result: no
configure:11610: checking whether to enable crypto and TLS
configure:11625: result: auto
configure:11634: checking deprecated option for OpenSSL library path
configure:11649: result: auto
configure:11716: checking whether OpenSSL is available
configure:11722: checking for PHP_MONGODB_SSL
configure:11729: $PKG_CONFIG --exists --print-errors "openssl"
configure:11732: $? = 0
configure:11746: $PKG_CONFIG --exists --print-errors "openssl"
configure:11749: $? = 0
configure:13041: result: yes
configure:13142: checking whether ASN1_STRING_get0_data is declared
configure:13142: cc -c  -g -O2  conftest.c >&5
configure:13142: $? = 0
configure:13142: result: yes
configure:14054: checking which TLS library to use
configure:14056: result: openssl
configure:14131: checking whether to use system crypto profile
configure:14145: result: no
configure:14154: checking deprecated option for whether to use system crypto profile
configure:14169: result: no
configure:14193: checking whether to enable ICU for SASLPrep with SCRAM-SHA-256 authentication
configure:14208: result: auto
configure:14220: checking for PHP_MONGODB_ICU
configure:14227: $PKG_CONFIG --exists --print-errors "icu-uc"
configure:14230: $? = 0
configure:14244: $PKG_CONFIG --exists --print-errors "icu-uc"
configure:14247: $? = 0
configure:14289: result: yes
configure:14473: checking for shm_open
configure:14473: cc -o conftest -g -O2   conftest.c -lm  >&5
/tmp/cc8l0eoC.o: In function `main':
/home/system3/Documents/Larvel/mongodb-1.6.1/conftest.c:60: undefined reference to `shm_open'
collect2: error: ld returned 1 exit status
configure:14473: $? = 1
configure: failed program was:
| /* confdefs.h */
| #define PACKAGE_NAME ""
| #define PACKAGE_TARNAME ""
| #define PACKAGE_VERSION ""
| #define PACKAGE_STRING ""
| #define PACKAGE_BUGREPORT ""
| #define PACKAGE_URL ""
| #define ACCEPT_ARG2 struct sockaddr
| #define ACCEPT_ARG3 socklen_t
| #define HAVE_TYPEOF 1
| #define STDC_HEADERS 1
| #define HAVE_SYS_TYPES_H 1
| #define HAVE_SYS_STAT_H 1
| #define HAVE_STDLIB_H 1
| #define HAVE_STRING_H 1
| #define HAVE_MEMORY_H 1
| #define HAVE_STRINGS_H 1
| #define HAVE_INTTYPES_H 1
| #define HAVE_STDINT_H 1
| #define HAVE_UNISTD_H 1
| #define HAVE__BOOL 1
| #define HAVE_STDBOOL_H 1
| #define HAVE_PTHREAD_PRIO_INHERIT 1
| #define HAVE_DECL_ASN1_STRING_GET0_DATA 1
| /* end confdefs.h.  */
| /* Define shm_open to an innocuous variant, in case <limits.h> declares shm_open.
|    For example, HP-UX 11i <limits.h> declares gettimeofday.  */
| #define shm_open innocuous_shm_open
| 
| /* System header to define __stub macros and hopefully few prototypes,
|     which can conflict with char shm_open (); below.
|     Prefer <limits.h> to <assert.h> if __STDC__ is defined, since
|     <limits.h> exists even on freestanding compilers.  */
| 
| #ifdef __STDC__
| # include <limits.h>
| #else
| # include <assert.h>
| #endif
| 
| #undef shm_open
| 
| /* Override any GCC internal prototype to avoid an error.
|    Use char because int might match the return type of a GCC
|    builtin and then its argument prototype would still apply.  */
| #ifdef __cplusplus
| extern "C"
| #endif
| char shm_open ();
| /* The GNU C library defines this for functions which it implements
|     to always fail with ENOSYS.  Some functions are actually named
|     something starting with __ and the normal name is an alias.  */
| #if defined __stub_shm_open || defined __stub___shm_open
| choke me
| #endif
| 
| int
| main ()
| {
| return shm_open ();
|   ;
|   return 0;
| }
configure:14473: result: no
configure:14481: checking for shm_open in -lrt
configure:14506: cc -o conftest -g -O2   conftest.c -lrt  -lm  >&5
configure:14506: $? = 0
configure:14515: result: yes
configure:14549: checking for sched_getcpu
configure:14549: cc -o conftest -g -O2   conftest.c -lm  >&5
configure:14549: $? = 0
configure:14549: result: yes
configure:14559: checking for socklen_t
configure:14559: cc -c -g -O2  conftest.c >&5
configure:14559: $? = 0
configure:14559: cc -c -g -O2  conftest.c >&5
conftest.c: In function 'main':
conftest.c:31:24: error: expected expression before ')' token
 if (sizeof ((socklen_t)))
                        ^
configure:14559: $? = 1
configure: failed program was:
| /* confdefs.h */
| #define PACKAGE_NAME ""
| #define PACKAGE_TARNAME ""
| #define PACKAGE_VERSION ""
| #define PACKAGE_STRING ""
| #define PACKAGE_BUGREPORT ""
| #define PACKAGE_URL ""
| #define ACCEPT_ARG2 struct sockaddr
| #define ACCEPT_ARG3 socklen_t
| #define HAVE_TYPEOF 1
| #define STDC_HEADERS 1
| #define HAVE_SYS_TYPES_H 1
| #define HAVE_SYS_STAT_H 1
| #define HAVE_STDLIB_H 1
| #define HAVE_STRING_H 1
| #define HAVE_MEMORY_H 1
| #define HAVE_STRINGS_H 1
| #define HAVE_INTTYPES_H 1
| #define HAVE_STDINT_H 1
| #define HAVE_UNISTD_H 1
| #define HAVE__BOOL 1
| #define HAVE_STDBOOL_H 1
| #define HAVE_PTHREAD_PRIO_INHERIT 1
| #define HAVE_DECL_ASN1_STRING_GET0_DATA 1
| /* end confdefs.h.  */
| #include <sys/socket.h>
| 
| int
| main ()
| {
| if (sizeof ((socklen_t)))
| 	    return 0;
|   ;
|   return 0;
| }
configure:14559: result: yes
configure:14595: checking for pthread_join in LIBS= with CFLAGS=-pthread
configure:14615: cc -o conftest -g -O2 -pthread   conftest.c  -lm  >&5
configure:14615: $? = 0
configure:14620: result: yes
configure:14687: checking if compiler needs -Werror to reject unknown flags
configure:14703: cc -c -g -O2 -Werror -Wunknown-warning-option -Wsizeof-array-argument  conftest.c >&5
cc: error: unrecognized command line option '-Wunknown-warning-option'
configure:14703: $? = 1
configure: failed program was:
| /* confdefs.h */
| #define PACKAGE_NAME ""
| #define PACKAGE_TARNAME ""
| #define PACKAGE_VERSION ""
| #define PACKAGE_STRING ""
| #define PACKAGE_BUGREPORT ""
| #define PACKAGE_URL ""
| #define ACCEPT_ARG2 struct sockaddr
| #define ACCEPT_ARG3 socklen_t
| #define HAVE_TYPEOF 1
| #define STDC_HEADERS 1
| #define HAVE_SYS_TYPES_H 1
| #define HAVE_SYS_STAT_H 1
| #define HAVE_STDLIB_H 1
| #define HAVE_STRING_H 1
| #define HAVE_MEMORY_H 1
| #define HAVE_STRINGS_H 1
| #define HAVE_INTTYPES_H 1
| #define HAVE_STDINT_H 1
| #define HAVE_UNISTD_H 1
| #define HAVE__BOOL 1
| #define HAVE_STDBOOL_H 1
| #define HAVE_PTHREAD_PRIO_INHERIT 1
| #define HAVE_DECL_ASN1_STRING_GET0_DATA 1
| /* end confdefs.h.  */
| int foo(void);
| int
| main ()
| {
| foo()
|   ;
|   return 0;
| }
configure:14708: result: no
configure:14840: checking for joinable pthread attribute
configure:14855: cc -o conftest -g -O2 -pthread   conftest.c  -lm  >&5
configure:14855: $? = 0
configure:14861: result: PTHREAD_CREATE_JOINABLE
configure:14871: checking if more special flags are required for pthreads
configure:14886: result: no
configure:14892: checking for PTHREAD_PRIO_INHERIT
configure:14918: result: yes
configure:15416: checking if weak symbols are supported
configure:15433: cc -o conftest -g -O2   conftest.c -lm  >&5
configure:15433: $? = 0
configure:15434: result: yes
configure:16785: checking how to print strings
configure:16812: result: printf
configure:16833: checking for a sed that does not truncate output
configure:16897: result: /bin/sed
configure:16915: checking for fgrep
configure:16977: result: /bin/grep -F
configure:17012: checking for ld used by cc
configure:17079: result: /usr/bin/ld
configure:17086: checking if the linker (/usr/bin/ld) is GNU ld
configure:17101: result: yes
configure:17113: checking for BSD- or MS-compatible name lister (nm)
configure:17167: result: /usr/bin/nm -B
configure:17297: checking the name lister (/usr/bin/nm -B) interface
configure:17304: cc -c -g -O2  conftest.c >&5
configure:17307: /usr/bin/nm -B "conftest.o"
configure:17310: output
0000000000000000 B some_variable
configure:17317: result: BSD nm
configure:17320: checking whether ln -s works
configure:17324: result: yes
configure:17332: checking the maximum length of command line arguments
configure:17463: result: 1572864
configure:17511: checking how to convert x86_64-pc-linux-gnu file names to x86_64-pc-linux-gnu format
configure:17551: result: func_convert_file_noop
configure:17558: checking how to convert x86_64-pc-linux-gnu file names to toolchain format
configure:17578: result: func_convert_file_noop
configure:17585: checking for /usr/bin/ld option to reload object files
configure:17592: result: -r
configure:17666: checking for objdump
configure:17682: found /usr/bin/objdump
configure:17693: result: objdump
configure:17725: checking how to recognize dependent libraries
configure:17925: result: pass_all
configure:18010: checking for dlltool
configure:18040: result: no
configure:18070: checking how to associate runtime and link libraries
configure:18097: result: printf %s\n
configure:18157: checking for ar
configure:18173: found /usr/bin/ar
configure:18184: result: ar
configure:18221: checking for archiver @FILE support
configure:18238: cc -c -g -O2  conftest.c >&5
configure:18238: $? = 0
configure:18241: ar cru libconftest.a @conftest.lst >&5
ar: `u' modifier ignored since `D' is the default (see `U')
configure:18244: $? = 0
configure:18249: ar cru libconftest.a @conftest.lst >&5
ar: `u' modifier ignored since `D' is the default (see `U')
ar: conftest.o: No such file or directory
configure:18252: $? = 1
configure:18264: result: @
configure:18322: checking for strip
configure:18338: found /usr/bin/strip
configure:18349: result: strip
configure:18421: checking for ranlib
configure:18437: found /usr/bin/ranlib
configure:18448: result: ranlib
configure:18525: checking for gawk
configure:18552: result: nawk
configure:18592: checking command to parse /usr/bin/nm -B output from cc object
configure:18745: cc -c -g -O2  conftest.c >&5
configure:18748: $? = 0
configure:18752: /usr/bin/nm -B conftest.o \| sed -n -e 's/^.*[ ]\([ABCDGIRSTW][ABCDGIRSTW]*\)[ ][ ]*\([_A-Za-z][_A-Za-z0-9]*\)$/\1 \2 \2/p' | sed '/ __gnu_lto/d' \> conftest.nm
configure:18755: $? = 0
configure:18821: cc -o conftest -g -O2   conftest.c conftstm.o >&5
configure:18824: $? = 0
configure:18862: result: ok
configure:18909: checking for sysroot
configure:18939: result: no
configure:18946: checking for a working dd
configure:18984: result: /bin/dd
configure:18988: checking how to truncate binary pipes
configure:19003: result: /bin/dd bs=4096 count=1
configure:19139: cc -c -g -O2  conftest.c >&5
configure:19142: $? = 0
configure:19332: checking for mt
configure:19348: found /bin/mt
configure:19359: result: mt
configure:19382: checking if mt is a manifest tool
configure:19388: mt '-?'
configure:19396: result: no
configure:20070: checking for dlfcn.h
configure:20070: cc -c -g -O2  conftest.c >&5
configure:20070: $? = 0
configure:20070: result: yes
configure:20337: checking for objdir
configure:20352: result: .libs
configure:20616: checking if cc supports -fno-rtti -fno-exceptions
configure:20634: cc -c -g -O2  -fno-rtti -fno-exceptions conftest.c >&5
cc1: warning: command line option '-fno-rtti' is valid for C++/ObjC++ but not for C
configure:20638: $? = 0
configure:20651: result: no
configure:21009: checking for cc option to produce PIC
configure:21016: result: -fPIC -DPIC
configure:21024: checking if cc PIC flag -fPIC -DPIC works
configure:21042: cc -c -g -O2  -fPIC -DPIC -DPIC conftest.c >&5
configure:21046: $? = 0
configure:21059: result: yes
configure:21088: checking if cc static flag -static works
configure:21116: result: yes
configure:21131: checking if cc supports -c -o file.o
configure:21152: cc -c -g -O2  -o out/conftest2.o conftest.c >&5
configure:21156: $? = 0
configure:21178: result: yes
configure:21186: checking if cc supports -c -o file.o
configure:21233: result: yes
configure:21266: checking whether the cc linker (/usr/bin/ld -m elf_x86_64) supports shared libraries
configure:22529: result: yes
configure:22566: checking whether -lc should be explicitly linked in
configure:22574: cc -c -g -O2  conftest.c >&5
configure:22577: $? = 0
configure:22592: cc -shared  -fPIC -DPIC conftest.o  -v -Wl,-soname -Wl,conftest -o conftest 2\>\&1 \| /bin/grep  -lc  \>/dev/null 2\>\&1
configure:22595: $? = 0
configure:22609: result: no
configure:22769: checking dynamic linker characteristics
configure:23350: cc -o conftest -g -O2   -Wl,-rpath -Wl,/foo conftest.c -lm  >&5
configure:23350: $? = 0
configure:23599: result: GNU/Linux ld.so
configure:23721: checking how to hardcode library paths into programs
configure:23746: result: immediate
configure:24294: checking whether stripping libraries is possible
configure:24299: result: yes
configure:24334: checking if libtool supports shared libraries
configure:24336: result: yes
configure:24339: checking whether to build shared libraries
configure:24364: result: yes
configure:24367: checking whether to build static libraries
configure:24371: result: no
configure:24524: checking for ld used by g++
configure:24591: result: /usr/bin/ld -m elf_x86_64
configure:24598: checking if the linker (/usr/bin/ld -m elf_x86_64) is GNU ld
configure:24613: result: yes
configure:24668: checking whether the g++ linker (/usr/bin/ld -m elf_x86_64) supports shared libraries
configure:25741: result: yes
configure:25777: g++ -c   conftest.cpp >&5
configure:25780: $? = 0
configure:26261: checking for g++ option to produce PIC
configure:26268: result: -fPIC -DPIC
configure:26276: checking if g++ PIC flag -fPIC -DPIC works
configure:26294: g++ -c   -fPIC -DPIC -DPIC conftest.cpp >&5
configure:26298: $? = 0
configure:26311: result: yes
configure:26334: checking if g++ static flag -static works
configure:26362: result: yes
configure:26374: checking if g++ supports -c -o file.o
configure:26395: g++ -c   -o out/conftest2.o conftest.cpp >&5
configure:26399: $? = 0
configure:26421: result: yes
configure:26426: checking if g++ supports -c -o file.o
configure:26473: result: yes
configure:26503: checking whether the g++ linker (/usr/bin/ld -m elf_x86_64) supports shared libraries
configure:26546: result: yes
configure:26687: checking dynamic linker characteristics
configure:27444: result: GNU/Linux ld.so
configure:27509: checking how to hardcode library paths into programs
configure:27534: result: immediate
configure:27834: creating ./config.status

## ---------------------- ##
## Running config.status. ##
## ---------------------- ##

This file was extended by config.status, which was
generated by GNU Autoconf 2.69.  Invocation command line was

  CONFIG_FILES    = 
  CONFIG_HEADERS  = 
  CONFIG_LINKS    = 
  CONFIG_COMMANDS = 
  $ ./config.status 

on system3-HP-ProBook-640-G2

config.status:1206: creating /home/system3/Documents/Larvel/mongodb-1.6.1/src/libmongoc/src/libbson/src/bson/bson-config.h
config.status:1206: creating /home/system3/Documents/Larvel/mongodb-1.6.1/src/libmongoc/src/libbson/src/bson/bson-version.h
config.status:1206: creating /home/system3/Documents/Larvel/mongodb-1.6.1/src/libmongoc/src/libmongoc/src/mongoc/mongoc-config.h
config.status:1206: creating /home/system3/Documents/Larvel/mongodb-1.6.1/src/libmongoc/src/libmongoc/src/mongoc/mongoc-version.h
config.status:1206: creating config.h
config.status:1390: executing libtool commands

## ---------------- ##
## Cache variables. ##
## ---------------- ##

ac_cv_build=x86_64-pc-linux-gnu
ac_cv_c_bigendian=no
ac_cv_c_compiler_gnu=yes
ac_cv_c_const=yes
ac_cv_c_inline=inline
ac_cv_c_typeof=typeof
ac_cv_cxx_compiler_gnu=yes
ac_cv_env_CCC_set=
ac_cv_env_CCC_value=
ac_cv_env_CC_set=
ac_cv_env_CC_value=
ac_cv_env_CFLAGS_set=
ac_cv_env_CFLAGS_value=
ac_cv_env_CPPFLAGS_set=
ac_cv_env_CPPFLAGS_value=
ac_cv_env_CPP_set=
ac_cv_env_CPP_value=
ac_cv_env_CXXFLAGS_set=
ac_cv_env_CXXFLAGS_value=
ac_cv_env_CXX_set=
ac_cv_env_CXX_value=
ac_cv_env_LDFLAGS_set=
ac_cv_env_LDFLAGS_value=
ac_cv_env_LIBS_set=
ac_cv_env_LIBS_value=
ac_cv_env_LT_SYS_LIBRARY_PATH_set=
ac_cv_env_LT_SYS_LIBRARY_PATH_value=
ac_cv_env_PHP_MONGODB_ICU_CFLAGS_set=
ac_cv_env_PHP_MONGODB_ICU_CFLAGS_value=
ac_cv_env_PHP_MONGODB_ICU_LIBS_set=
ac_cv_env_PHP_MONGODB_ICU_LIBS_value=
ac_cv_env_PHP_MONGODB_SASL_CFLAGS_set=
ac_cv_env_PHP_MONGODB_SASL_CFLAGS_value=
ac_cv_env_PHP_MONGODB_SASL_LIBS_set=
ac_cv_env_PHP_MONGODB_SASL_LIBS_value=
ac_cv_env_PHP_MONGODB_SNAPPY_CFLAGS_set=
ac_cv_env_PHP_MONGODB_SNAPPY_CFLAGS_value=
ac_cv_env_PHP_MONGODB_SNAPPY_LIBS_set=
ac_cv_env_PHP_MONGODB_SNAPPY_LIBS_value=
ac_cv_env_PHP_MONGODB_SSL_CFLAGS_set=
ac_cv_env_PHP_MONGODB_SSL_CFLAGS_value=
ac_cv_env_PHP_MONGODB_SSL_LIBS_set=
ac_cv_env_PHP_MONGODB_SSL_LIBS_value=
ac_cv_env_PHP_MONGODB_ZLIB_CFLAGS_set=
ac_cv_env_PHP_MONGODB_ZLIB_CFLAGS_value=
ac_cv_env_PHP_MONGODB_ZLIB_LIBS_set=
ac_cv_env_PHP_MONGODB_ZLIB_LIBS_value=
ac_cv_env_PKG_CONFIG_LIBDIR_set=
ac_cv_env_PKG_CONFIG_LIBDIR_value=
ac_cv_env_PKG_CONFIG_PATH_set=
ac_cv_env_PKG_CONFIG_PATH_value=
ac_cv_env_PKG_CONFIG_set=
ac_cv_env_PKG_CONFIG_value=
ac_cv_env_build_alias_set=
ac_cv_env_build_alias_value=
ac_cv_env_host_alias_set=
ac_cv_env_host_alias_value=
ac_cv_env_target_alias_set=
ac_cv_env_target_alias_value=
ac_cv_func_gmtime_r=yes
ac_cv_func_rand_r=yes
ac_cv_func_sched_getcpu=yes
ac_cv_func_shm_open=no
ac_cv_func_snprintf=yes
ac_cv_have_decl_ASN1_STRING_get0_data=yes
ac_cv_header_dlfcn_h=yes
ac_cv_header_inttypes_h=yes
ac_cv_header_memory_h=yes
ac_cv_header_sasl_sasl_h=no
ac_cv_header_snappy_c_h=no
ac_cv_header_stdbool_h=yes
ac_cv_header_stdc=yes
ac_cv_header_stdint_h=yes
ac_cv_header_stdlib_h=yes
ac_cv_header_string_h=yes
ac_cv_header_strings_h=yes
ac_cv_header_sys_stat_h=yes
ac_cv_header_sys_types_h=yes
ac_cv_header_unistd_h=yes
ac_cv_host=x86_64-pc-linux-gnu
ac_cv_lib_rt_shm_open=yes
ac_cv_objext=o
ac_cv_path_EGREP='/bin/grep -E'
ac_cv_path_FGREP='/bin/grep -F'
ac_cv_path_GREP=/bin/grep
ac_cv_path_SED=/bin/sed
ac_cv_path_ac_pt_PKG_CONFIG=/usr/bin/pkg-config
ac_cv_path_lt_DD=/bin/dd
ac_cv_prog_AWK=nawk
ac_cv_prog_CPP='cc -E'
ac_cv_prog_ac_ct_AR=ar
ac_cv_prog_ac_ct_CC=cc
ac_cv_prog_ac_ct_CXX=g++
ac_cv_prog_ac_ct_MANIFEST_TOOL=mt
ac_cv_prog_ac_ct_OBJDUMP=objdump
ac_cv_prog_ac_ct_RANLIB=ranlib
ac_cv_prog_ac_ct_STRIP=strip
ac_cv_prog_cc_c89=
ac_cv_prog_cc_cc_c_o=yes
ac_cv_prog_cc_g=yes
ac_cv_prog_cxx_g=yes
ac_cv_search_clock_gettime='none required'
ac_cv_search_floor=-lm
ac_cv_target=x86_64-pc-linux-gnu
ac_cv_type__Bool=yes
ac_cv_type_socklen_t=yes
ac_cv_type_struct_timespec=yes
ax_cv_PTHREAD_PRIO_INHERIT=yes
bson_cv_have_reallocf=no
bson_cv_have_strnlen=yes
bson_cv_have_sys_gettid_tid=yes
bson_cv_have_syscall_tid=yes
bson_cv_need_braces_on_pthread_once_init=no
lt_cv_ar_at_file=@
lt_cv_archive_cmds_need_lc=no
lt_cv_deplibs_check_method=pass_all
lt_cv_file_magic_cmd='$MAGIC_CMD'
lt_cv_file_magic_test_file=
lt_cv_ld_reload_flag=-r
lt_cv_nm_interface='BSD nm'
lt_cv_objdir=.libs
lt_cv_path_LD=/usr/bin/ld
lt_cv_path_LDCXX='/usr/bin/ld -m elf_x86_64'
lt_cv_path_NM='/usr/bin/nm -B'
lt_cv_path_mainfest_tool=no
lt_cv_prog_compiler_c_o=yes
lt_cv_prog_compiler_c_o_CXX=yes
lt_cv_prog_compiler_pic='-fPIC -DPIC'
lt_cv_prog_compiler_pic_CXX='-fPIC -DPIC'
lt_cv_prog_compiler_pic_works=yes
lt_cv_prog_compiler_pic_works_CXX=yes
lt_cv_prog_compiler_rtti_exceptions=no
lt_cv_prog_compiler_static_works=yes
lt_cv_prog_compiler_static_works_CXX=yes
lt_cv_prog_gnu_ld=yes
lt_cv_prog_gnu_ldcxx=yes
lt_cv_sharedlib_from_linklib_cmd='printf %s\n'
lt_cv_shlibpath_overrides_runpath=yes
lt_cv_sys_global_symbol_pipe='sed -n -e '\''s/^.*[	 ]\([ABCDGIRSTW][ABCDGIRSTW]*\)[	 ][	 ]*\([_A-Za-z][_A-Za-z0-9]*\)$/\1 \2 \2/p'\'' | sed '\''/ __gnu_lto/d'\'''
lt_cv_sys_global_symbol_to_c_name_address='sed -n -e '\''s/^: \(.*\) .*$/  {"\1", (void *) 0},/p'\'' -e '\''s/^[ABCDGIRSTW][ABCDGIRSTW]* .* \(.*\)$/  {"\1", (void *) \&\1},/p'\'''
lt_cv_sys_global_symbol_to_c_name_address_lib_prefix='sed -n -e '\''s/^: \(.*\) .*$/  {"\1", (void *) 0},/p'\'' -e '\''s/^[ABCDGIRSTW][ABCDGIRSTW]* .* \(lib.*\)$/  {"\1", (void *) \&\1},/p'\'' -e '\''s/^[ABCDGIRSTW][ABCDGIRSTW]* .* \(.*\)$/  {"lib\1", (void *) \&\1},/p'\'''
lt_cv_sys_global_symbol_to_cdecl='sed -n -e '\''s/^T .* \(.*\)$/extern int \1();/p'\'' -e '\''s/^[ABCDGIRSTW][ABCDGIRSTW]* .* \(.*\)$/extern char \1;/p'\'''
lt_cv_sys_global_symbol_to_import=
lt_cv_sys_max_cmd_len=1572864
lt_cv_to_host_file_cmd=func_convert_file_noop
lt_cv_to_tool_file_cmd=func_convert_file_noop
lt_cv_truncate_bin='/bin/dd bs=4096 count=1'
php_cv_cc_dashr=no
php_cv_cc_rpath=yes
pkg_cv_PHP_MONGODB_ICU_CFLAGS=
pkg_cv_PHP_MONGODB_ICU_LIBS='-licuuc -licudata'
pkg_cv_PHP_MONGODB_SSL_CFLAGS=
pkg_cv_PHP_MONGODB_SSL_LIBS='-lssl -lcrypto'
pkg_cv_PHP_MONGODB_ZLIB_CFLAGS=
pkg_cv_PHP_MONGODB_ZLIB_LIBS=-lz

## ----------------- ##
## Output variables. ##
## ----------------- ##

ACCEPT_ARG2='struct sockaddr'
ACCEPT_ARG3='socklen_t'
AR='ar'
AWK='nawk'
BSON_BYTE_ORDER='1234'
BSON_EXTRA_ALIGN='0'
BSON_HAVE_ATOMIC_32_ADD_AND_FETCH='1'
BSON_HAVE_ATOMIC_64_ADD_AND_FETCH='1'
BSON_HAVE_CLOCK_GETTIME='1'
BSON_HAVE_GMTIME_R='1'
BSON_HAVE_RAND_R='1'
BSON_HAVE_REALLOCF='0'
BSON_HAVE_SNPRINTF='1'
BSON_HAVE_STDBOOL_H='1'
BSON_HAVE_STRINGS_H='1'
BSON_HAVE_STRNLEN='1'
BSON_HAVE_SYSCALL_TID='1'
BSON_HAVE_TIMESPEC='1'
BSON_MAJOR_VERSION='1'
BSON_MICRO_VERSION='2'
BSON_MINOR_VERSION='15'
BSON_OS='1'
BSON_PRERELEASE_VERSION=''
BSON_PTHREAD_ONCE_INIT_NEEDS_BRACES='0'
BSON_VERSION='1.15.2'
CC='cc'
CFLAGS='-g -O2'
CONFIGURE_COMMAND=' '\''./configure'\'' '
CONFIGURE_OPTIONS=''
CPP='cc -E'
CPPFLAGS=' -DHAVE_CONFIG_H'
CXX='g++'
CXXFLAGS=''
DEFS='-DHAVE_CONFIG_H'
DLLTOOL='false'
DSYMUTIL=''
DUMPBIN=''
ECHO_C=''
ECHO_N='-n'
ECHO_T=''
EGREP='/bin/grep -E'
EXEEXT=''
FGREP='/bin/grep -F'
GREP='/bin/grep'
LD='/usr/bin/ld -m elf_x86_64'
LDFLAGS=''
LIBC_FEATURES='-D_GNU_SOURCE'
LIBOBJS=''
LIBS='-lm '
LIBTOOL='$(SHELL) $(top_builddir)/libtool'
LIPO=''
LN_S='ln -s'
LTLIBOBJS=''
LT_SYS_LIBRARY_PATH=''
MANIFEST_TOOL=':'
MONGOC_CC='cc'
MONGOC_ENABLE_COMPRESSION='1'
MONGOC_ENABLE_COMPRESSION_SNAPPY='0'
MONGOC_ENABLE_COMPRESSION_ZLIB='1'
MONGOC_ENABLE_COMPRESSION_ZSTD='0'
MONGOC_ENABLE_CRYPTO='1'
MONGOC_ENABLE_CRYPTO_CNG='0'
MONGOC_ENABLE_CRYPTO_COMMON_CRYPTO='0'
MONGOC_ENABLE_CRYPTO_LIBCRYPTO='1'
MONGOC_ENABLE_CRYPTO_SYSTEM_PROFILE='0'
MONGOC_ENABLE_ICU='1'
MONGOC_ENABLE_RDTSCP='0'
MONGOC_ENABLE_SASL='0'
MONGOC_ENABLE_SASL_CYRUS='0'
MONGOC_ENABLE_SASL_GSSAPI='0'
MONGOC_ENABLE_SASL_SSPI='0'
MONGOC_ENABLE_SHM_COUNTERS='0'
MONGOC_ENABLE_SSL='1'
MONGOC_ENABLE_SSL_LIBRESSL='0'
MONGOC_ENABLE_SSL_OPENSSL='1'
MONGOC_ENABLE_SSL_SECURE_CHANNEL='0'
MONGOC_ENABLE_SSL_SECURE_TRANSPORT='0'
MONGOC_HAVE_ASN1_STRING_GET0_DATA='1'
MONGOC_HAVE_DNSAPI='0'
MONGOC_HAVE_RES_NCLOSE='1'
MONGOC_HAVE_RES_NDESTROY='0'
MONGOC_HAVE_RES_NSEARCH='1'
MONGOC_HAVE_RES_SEARCH='0'
MONGOC_HAVE_SASL_CLIENT_DONE='0'
MONGOC_HAVE_SCHED_GETCPU='1'
MONGOC_HAVE_SOCKLEN='1'
MONGOC_HAVE_WEAK_SYMBOLS='1'
MONGOC_MAJOR_VERSION='1'
MONGOC_MICRO_VERSION='2'
MONGOC_MINOR_VERSION='15'
MONGOC_NO_AUTOMATIC_GLOBALS='1'
MONGOC_PRERELEASE_VERSION=''
MONGOC_SOCKET_ARG2='struct sockaddr'
MONGOC_SOCKET_ARG3='socklen_t'
MONGOC_TRACE='1'
MONGOC_USER_SET_CFLAGS=''
MONGOC_USER_SET_LDFLAGS=''
MONGOC_VERSION='1.15.2'
NM='/usr/bin/nm -B'
NMEDIT=''
OBJDUMP='objdump'
OBJEXT='o'
OTOOL64=''
OTOOL=''
PACKAGE_BUGREPORT=''
PACKAGE_NAME=''
PACKAGE_STRING=''
PACKAGE_TARNAME=''
PACKAGE_URL=''
PACKAGE_VERSION=''
PATH_SEPARATOR=':'
PHP_MONGODB_ICU_CFLAGS=''
PHP_MONGODB_ICU_LIBS='-licuuc -licudata'
PHP_MONGODB_SASL_CFLAGS=''
PHP_MONGODB_SASL_LIBS=''
PHP_MONGODB_SNAPPY_CFLAGS=''
PHP_MONGODB_SNAPPY_LIBS=''
PHP_MONGODB_SSL_CFLAGS=''
PHP_MONGODB_SSL_LIBS='-lssl -lcrypto'
PHP_MONGODB_ZLIB_CFLAGS=''
PHP_MONGODB_ZLIB_LIBS='-lz'
PKG_CONFIG='/usr/bin/pkg-config'
PKG_CONFIG_LIBDIR=''
PKG_CONFIG_PATH=''
PTHREAD_CC='cc'
PTHREAD_CFLAGS='-pthread'
PTHREAD_LIBS=''
RANLIB='ranlib'
RE2C='exit 0;'
SED='/bin/sed'
SHELL='/bin/bash'
SHLIB_DL_SUFFIX_NAME='so'
SHLIB_SUFFIX_NAME='so'
STRIP='strip'
ac_ct_AR='ar'
ac_ct_CC='cc'
ac_ct_CXX='g++'
ac_ct_DUMPBIN=''
ax_pthread_config=''
bindir='${exec_prefix}/bin'
build='x86_64-pc-linux-gnu'
build_alias=''
build_cpu='x86_64'
build_os='linux-gnu'
build_vendor='pc'
datadir='${datarootdir}'
datarootdir='${prefix}/share'
docdir='${datarootdir}/doc/${PACKAGE}'
dvidir='${docdir}'
exec_prefix='$(prefix)'
host='x86_64-pc-linux-gnu'
host_alias='x86_64-pc-linux-gnu'
host_cpu='x86_64'
host_os='linux-gnu'
host_vendor='pc'
htmldir='${docdir}'
includedir='${prefix}/include'
infodir='${datarootdir}/info'
libdir='${exec_prefix}/lib'
libexecdir='${exec_prefix}/libexec'
localedir='${datarootdir}/locale'
localstatedir='${prefix}/var'
mandir='${datarootdir}/man'
oldincludedir='/usr/include'
pdfdir='${docdir}'
prefix='/usr'
program_transform_name='s,x,x,'
psdir='${docdir}'
runstatedir='${localstatedir}/run'
sbindir='${exec_prefix}/sbin'
sharedstatedir='${prefix}/com'
sysconfdir='${prefix}/etc'
target='x86_64-pc-linux-gnu'
target_alias=''
target_cpu='x86_64'
target_os='linux-gnu'
target_vendor='pc'

## ----------- ##
## confdefs.h. ##
## ----------- ##

/* confdefs.h */
#define PACKAGE_NAME ""
#define PACKAGE_TARNAME ""
#define PACKAGE_VERSION ""
#define PACKAGE_STRING ""
#define PACKAGE_BUGREPORT ""
#define PACKAGE_URL ""
#define ACCEPT_ARG2 struct sockaddr
#define ACCEPT_ARG3 socklen_t
#define HAVE_TYPEOF 1
#define STDC_HEADERS 1
#define HAVE_SYS_TYPES_H 1
#define HAVE_SYS_STAT_H 1
#define HAVE_STDLIB_H 1
#define HAVE_STRING_H 1
#define HAVE_MEMORY_H 1
#define HAVE_STRINGS_H 1
#define HAVE_INTTYPES_H 1
#define HAVE_STDINT_H 1
#define HAVE_UNISTD_H 1
#define HAVE__BOOL 1
#define HAVE_STDBOOL_H 1
#define HAVE_PTHREAD_PRIO_INHERIT 1
#define HAVE_DECL_ASN1_STRING_GET0_DATA 1
#define HAVE_PTHREAD_PRIO_INHERIT 1
#define COMPILE_DL_MONGODB 1
#define HAVE_DLFCN_H 1
#define LT_OBJDIR ".libs/"

configure: exit 0
